<?xml version="1.0" encoding="UTF-8"?>
<!-- Generated by org.testng.reporters.JUnitReportReporter -->
<testsuite hostname="jannatuls-MBP" failures="0" tests="1" name="com.RestAssuredSuit.Post_Operation" time="1.223" errors="0" timestamp="2022-04-21T21:50:19 EDT" skipped="0">
  <testcase classname="com.RestAssuredSuit.Post_Operation" name="Add_a_record_in_customersDetails" time="1.223"/>
  <system-out/>
</testsuite> <!-- com.RestAssuredSuit.Post_Operation -->
